152. Printing statistics.

=== raster ===

   Number of wires:              56229
   Number of wire bits:          70271
   Number of public wires:         576
   Number of public wire bits:   13694
   Number of ports:                 21
   Number of port bits:            209
   Number of memories:               0
   Number of memory bits:            0
   Number of processes:              0
   Number of cells:              68652
     $_ANDNOT_                   14301
     $_AND_                       2033
     $_DFFE_PP_                   1408
     $_DFF_P_                        9
     $_MUX_                      13407
     $_NAND_                       739
     $_NOR_                       4326
     $_NOT_                       1631
     $_ORNOT_                     1109
     $_OR_                        5905
     $_SDFFCE_PN0P_               2304
     $_SDFFCE_PN1P_               7936
     $_SDFFE_PN0P_                 988
     $_SDFFE_PN1P_                   2
     $_SDFF_PN0_                     8
     $_XNOR_                      4246
     $_XOR_                       8300

   Area for cell type $_NOT_ is unknown!
   Area for cell type $_AND_ is unknown!
   Area for cell type $_NAND_ is unknown!
   Area for cell type $_OR_ is unknown!
   Area for cell type $_NOR_ is unknown!
   Area for cell type $_XOR_ is unknown!
   Area for cell type $_XNOR_ is unknown!
   Area for cell type $_ANDNOT_ is unknown!
   Area for cell type $_ORNOT_ is unknown!
   Area for cell type $_MUX_ is unknown!
   Area for cell type $_DFF_P_ is unknown!
   Area for cell type $_DFFE_PP_ is unknown!
   Area for cell type $_SDFF_PN0_ is unknown!
   Area for cell type $_SDFFE_PN0P_ is unknown!
   Area for cell type $_SDFFE_PN1P_ is unknown!
   Area for cell type $_SDFFCE_PN0P_ is unknown!
   Area for cell type $_SDFFCE_PN1P_ is unknown!

