164. Printing statistics.

=== raster ===

   Number of wires:              48562
   Number of wire bits:          52511
   Number of public wires:          71
   Number of public wire bits:    3100
   Number of ports:                 31
   Number of port bits:            323
   Number of memories:               0
   Number of memory bits:            0
   Number of processes:              0
   Number of cells:              51281
     $_ANDNOT_                   14107
     $_AND_                       2153
     $_MUX_                       6693
     $_NAND_                       764
     $_NOR_                       4222
     $_NOT_                       1560
     $_ORNOT_                      996
     $_OR_                        5588
     $_XNOR_                      4189
     $_XOR_                       8564
     sky130_fd_sc_hd__dfxtp_2     2445

   Area for cell type $_NOT_ is unknown!
   Area for cell type $_AND_ is unknown!
   Area for cell type $_NAND_ is unknown!
   Area for cell type $_OR_ is unknown!
   Area for cell type $_NOR_ is unknown!
   Area for cell type $_XOR_ is unknown!
   Area for cell type $_XNOR_ is unknown!
   Area for cell type $_ANDNOT_ is unknown!
   Area for cell type $_ORNOT_ is unknown!
   Area for cell type $_MUX_ is unknown!

   Chip area for module '\raster': 52006.128000
     of which used for sequential elements: 52006.128000 (100.00%)

