Starting…
Running 'Verilator.Lint' at 'runs/RUN_2025-05-10_06-43-04/01-verilator-lint'…
Logging subprocess to [repr.filename]'runs/RUN_2025-05-10_06-43-04/01-verilator-lint/verilator-lint.log'[/repr.filename]…
Running 'Checker.LintTimingConstructs' at 'runs/RUN_2025-05-10_06-43-04/02-checker-linttimingconstructs'…
Check for Lint Timing Errors clear.
Running 'Checker.LintErrors' at 'runs/RUN_2025-05-10_06-43-04/03-checker-linterrors'…
Check for Lint errors clear.
Running 'Checker.LintWarnings' at 'runs/RUN_2025-05-10_06-43-04/04-checker-lintwarnings'…
23 Lint warnings found.
Running 'Yosys.JsonHeader' at 'runs/RUN_2025-05-10_06-43-04/05-yosys-jsonheader'…
Logging subprocess to [repr.filename]'runs/RUN_2025-05-10_06-43-04/05-yosys-jsonheader/yosys-jsonheader.log'[/repr.filename]…
Subprocess had a non-zero exit.
Last 10 line(s):
/home/asic/workspace/lab3/rtl/raster.sv:108: Warning: Range [1:1] select out of bounds on signal `\inter_deltas_1': Setting 1 LSB bits to undef.
/home/asic/workspace/lab3/rtl/raster.sv:109: Warning: Range select out of bounds on signal `\inter_deltas_1': Setting result bit to undef.

7.1. Analyzing design hierarchy..
Top module:  \raster

7.2. Executing AST frontend in derive mode using pre-parsed AST for module `\pixel_processor'.
Generating RTLIL representation for module `\pixel_processor'.
Warning: wire '$fordecl_block$11.$for_loop$12[0].$unnamed_block$13.delta_i' is assigned in a block at /home/asic/workspace/lab3/rtl/pixel_processor.sv:199.25-199.44.
/home/asic/workspace/lab3/rtl/pixel_processor.sv:200: ERROR: Identifier `$fordecl_block$11.$for_loop$12[0].$unnamed_block$13.delta_i.y' is implicitly declared and `default_nettype is set to none.

Full log file: 'runs/RUN_2025-05-10_06-43-04/05-yosys-jsonheader/yosys-jsonheader.log'
