Starting…
Running 'Verilator.Lint' at 'runs/RUN_2025-05-10_07-35-38/01-verilator-lint'…
Logging subprocess to [repr.filename]'runs/RUN_2025-05-10_07-35-38/01-verilator-lint/verilator-lint.log'[/repr.filename]…
Running 'Checker.LintTimingConstructs' at 'runs/RUN_2025-05-10_07-35-38/02-checker-linttimingconstructs'…
Check for Lint Timing Errors clear.
Running 'Checker.LintErrors' at 'runs/RUN_2025-05-10_07-35-38/03-checker-linterrors'…
Check for Lint errors clear.
Running 'Checker.LintWarnings' at 'runs/RUN_2025-05-10_07-35-38/04-checker-lintwarnings'…
29 Lint warnings found.
Running 'Yosys.JsonHeader' at 'runs/RUN_2025-05-10_07-35-38/05-yosys-jsonheader'…
Logging subprocess to [repr.filename]'runs/RUN_2025-05-10_07-35-38/05-yosys-jsonheader/yosys-jsonheader.log'[/repr.filename]…
Subprocess had a non-zero exit.
Last 10 line(s):
6. Executing HIERARCHY pass (managing design hierarchy).

7. Executing AST frontend in derive mode using pre-parsed AST for module `\raster'.
Generating RTLIL representation for module `\raster'.

7.1. Analyzing design hierarchy..
Top module:  \raster

7.2. Executing AST frontend in derive mode using pre-parsed AST for module `\pixel_processor'.
ERROR: Assert `!source_offset && !id2ast->range_swapped' failed in frontends/ast/genrtlil.cc:1604.

Full log file: 'runs/RUN_2025-05-10_07-35-38/05-yosys-jsonheader/yosys-jsonheader.log'
