%Warning-VARHIDDEN: /home/asic/workspace/lab3/rtl/tile_processor.sv:264:22: Declaration of signal hides declaration in upper scope: 'delta_0'
  264 |     input coord_3d_t delta_0,
      |                      ^~~~~~~
                    /home/asic/workspace/lab3/rtl/tile_processor.sv:93:37: ... Location of original declaration
   93 | coord_3d_t                          delta_0, delta_1, delta_2;
      |                                     ^~~~~~~
                    ... For warning description see https://verilator.org/warn/VARHIDDEN?v=5.034
                    ... Use "/* verilator lint_off VARHIDDEN */" and lint_on around source to disable this message.
%Warning-VARHIDDEN: /home/asic/workspace/lab3/rtl/tile_processor.sv:265:22: Declaration of signal hides declaration in upper scope: 'delta_2'
  265 |     input coord_3d_t delta_2,
      |                      ^~~~~~~
                    /home/asic/workspace/lab3/rtl/tile_processor.sv:93:55: ... Location of original declaration
   93 | coord_3d_t                          delta_0, delta_1, delta_2;
      |                                                       ^~~~~~~
%Warning-VARHIDDEN: /home/asic/workspace/lab3/rtl/tile_processor.sv:280:22: Declaration of signal hides declaration in upper scope: 'delta_0'
  280 |     input coord_3d_t delta_0,
      |                      ^~~~~~~
                    /home/asic/workspace/lab3/rtl/tile_processor.sv:93:37: ... Location of original declaration
   93 | coord_3d_t                          delta_0, delta_1, delta_2;
      |                                     ^~~~~~~
%Warning-VARHIDDEN: /home/asic/workspace/lab3/rtl/tile_processor.sv:281:22: Declaration of signal hides declaration in upper scope: 'delta_2'
  281 |     input coord_3d_t delta_2,
      |                      ^~~~~~~
                    /home/asic/workspace/lab3/rtl/tile_processor.sv:93:55: ... Location of original declaration
   93 | coord_3d_t                          delta_0, delta_1, delta_2;
      |                                                       ^~~~~~~
%Warning-VARHIDDEN: /home/asic/workspace/lab3/rtl/tile_processor.sv:296:22: Declaration of signal hides declaration in upper scope: 'delta_0'
  296 |     input coord_3d_t delta_0,
      |                      ^~~~~~~
                    /home/asic/workspace/lab3/rtl/tile_processor.sv:93:37: ... Location of original declaration
   93 | coord_3d_t                          delta_0, delta_1, delta_2;
      |                                     ^~~~~~~
%Warning-VARHIDDEN: /home/asic/workspace/lab3/rtl/tile_processor.sv:297:22: Declaration of signal hides declaration in upper scope: 'delta_2'
  297 |     input coord_3d_t delta_2,
      |                      ^~~~~~~
                    /home/asic/workspace/lab3/rtl/tile_processor.sv:93:55: ... Location of original declaration
   93 | coord_3d_t                          delta_0, delta_1, delta_2;
      |                                                       ^~~~~~~
%Warning-VARHIDDEN: /home/asic/workspace/lab3/rtl/tile_processor.sv:330:39: Declaration of signal hides declaration in upper scope: 'abs_pos'
  330 |     input coord_3d_t                  abs_pos,
      |                                       ^~~~~~~
                    /home/asic/workspace/lab3/rtl/tile_processor.sv:92:37: ... Location of original declaration
   92 | coord_3d_t                          abs_pos;
      |                                     ^~~~~~~
%Warning-VARHIDDEN: /home/asic/workspace/lab3/rtl/tile_processor.sv:331:37: Declaration of signal hides declaration in upper scope: 'dzdx'
  331 |     input signed [((12) + (4))-1:0] dzdx,
      |                                     ^~~~
                    /home/asic/workspace/lab3/rtl/tile_processor.sv:97:35: ... Location of original declaration
   97 | logic signed [((12) + (4))-1:0]   dzdx, dzdy;
      |                                   ^~~~
%Warning-VARHIDDEN: /home/asic/workspace/lab3/rtl/tile_processor.sv:332:37: Declaration of signal hides declaration in upper scope: 'dzdy'
  332 |     input signed [((12) + (4))-1:0] dzdy,
      |                                     ^~~~
                    /home/asic/workspace/lab3/rtl/tile_processor.sv:97:41: ... Location of original declaration
   97 | logic signed [((12) + (4))-1:0]   dzdx, dzdy;
      |                                         ^~~~
%Warning-VARHIDDEN: /home/asic/workspace/lab3/rtl/pixel_processor.sv:298:37: Declaration of signal hides declaration in upper scope: 'dzdx'
  298 |     input signed [((12) + (4))-1:0] dzdx,
      |                                     ^~~~
                    /home/asic/workspace/lab3/rtl/pixel_processor.sv:47:35: ... Location of original declaration
   47 | logic signed [((12) + (4))-1:0]   dzdx, dzdy;
      |                                   ^~~~
%Warning-VARHIDDEN: /home/asic/workspace/lab3/rtl/pixel_processor.sv:299:37: Declaration of signal hides declaration in upper scope: 'dzdy'
  299 |     input signed [((12) + (4))-1:0] dzdy,
      |                                     ^~~~
                    /home/asic/workspace/lab3/rtl/pixel_processor.sv:47:41: ... Location of original declaration
   47 | logic signed [((12) + (4))-1:0]   dzdx, dzdy;
      |                                         ^~~~
%Warning-UNUSEDSIGNAL: /home/asic/workspace/lab3/rtl/pixel_processor.sv:40:37: Bits of signal are not used: 'abs_pos'[15:0]
                                                                             : ... note: In instance 'raster.pixel_proc'
   40 | coord_3d_t                          abs_pos;
      |                                     ^~~~~~~
%Warning-UNUSEDSIGNAL: /home/asic/workspace/lab3/rtl/pixel_processor.sv:41:37: Bits of signal are not used: 'flush_abs_pos'[15:0]
                                                                             : ... note: In instance 'raster.pixel_proc'
   41 | coord_3d_t                          flush_abs_pos;
      |                                     ^~~~~~~~~~~~~
%Warning-UNUSEDSIGNAL: /home/asic/workspace/lab3/rtl/pixel_processor.sv:272:22: Bits of signal are not used: 'delta_i'[15:0]
                                                                              : ... note: In instance 'raster.pixel_proc'
  272 |     input coord_3d_t delta_i,
      |                      ^~~~~~~
%Warning-UNUSEDSIGNAL: /home/asic/workspace/lab3/rtl/pixel_processor.sv:288:22: Bits of signal are not used: 'delta_i'[47:32,15:0]
                                                                              : ... note: In instance 'raster.pixel_proc'
  288 |     input coord_3d_t delta_i,
      |                      ^~~~~~~
%Warning-UNUSEDSIGNAL: /home/asic/workspace/lab3/rtl/pixel_processor.sv:314:22: Bits of signal are not used: 'in'[18:11]
                                                                              : ... note: In instance 'raster.pixel_proc'
  314 |     input metadata_t in,
      |                      ^~
%Warning-UNUSEDSIGNAL: /home/asic/workspace/lab3/rtl/tile_processor.sv:220:22: Bits of signal are not used: 'in'[18:11]
                                                                             : ... note: In instance 'raster.tile_proc'
  220 |     input metadata_t in,
      |                      ^~
%Warning-UNUSEDSIGNAL: /home/asic/workspace/lab3/rtl/tile_processor.sv:245:22: Bits of signal are not used: 'start'[15:0]
                                                                             : ... note: In instance 'raster.tile_proc'
  245 |     input coord_3d_t start,
      |                      ^~~~~
%Warning-UNUSEDSIGNAL: /home/asic/workspace/lab3/rtl/tile_processor.sv:246:22: Bits of signal are not used: 'v_i'[15:0]
                                                                             : ... note: In instance 'raster.tile_proc'
  246 |     input coord_3d_t v_i,
      |                      ^~~
%Warning-UNUSEDSIGNAL: /home/asic/workspace/lab3/rtl/tile_processor.sv:247:22: Bits of signal are not used: 'delta_i'[15:0]
                                                                             : ... note: In instance 'raster.tile_proc'
  247 |     input coord_3d_t delta_i,
      |                      ^~~~~~~
%Warning-UNUSEDSIGNAL: /home/asic/workspace/lab3/rtl/tile_processor.sv:264:22: Bits of signal are not used: 'delta_0'[47:32]
                                                                             : ... note: In instance 'raster.tile_proc'
  264 |     input coord_3d_t delta_0,
      |                      ^~~~~~~
%Warning-UNUSEDSIGNAL: /home/asic/workspace/lab3/rtl/tile_processor.sv:265:22: Bits of signal are not used: 'delta_2'[47:32]
                                                                             : ... note: In instance 'raster.tile_proc'
  265 |     input coord_3d_t delta_2,
      |                      ^~~~~~~
%Warning-UNUSEDSIGNAL: /home/asic/workspace/lab3/rtl/tile_processor.sv:280:22: Bits of signal are not used: 'delta_0'[31:16]
                                                                             : ... note: In instance 'raster.tile_proc'
  280 |     input coord_3d_t delta_0,
      |                      ^~~~~~~
%Warning-UNUSEDSIGNAL: /home/asic/workspace/lab3/rtl/tile_processor.sv:281:22: Bits of signal are not used: 'delta_2'[31:16]
                                                                             : ... note: In instance 'raster.tile_proc'
  281 |     input coord_3d_t delta_2,
      |                      ^~~~~~~
%Warning-UNUSEDSIGNAL: /home/asic/workspace/lab3/rtl/tile_processor.sv:296:22: Bits of signal are not used: 'delta_0'[15:0]
                                                                             : ... note: In instance 'raster.tile_proc'
  296 |     input coord_3d_t delta_0,
      |                      ^~~~~~~
%Warning-UNUSEDSIGNAL: /home/asic/workspace/lab3/rtl/tile_processor.sv:297:22: Bits of signal are not used: 'delta_2'[15:0]
                                                                             : ... note: In instance 'raster.tile_proc'
  297 |     input coord_3d_t delta_2,
      |                      ^~~~~~~
%Warning-UNUSEDSIGNAL: /home/asic/workspace/lab3/rtl/tile_processor.sv:319:35: Bits of signal are not used: 'div_result_dz'[31:20,3:0]
                                                                             : ... note: In instance 'raster.tile_proc'
  319 | logic signed [((12) + (4))*2-1:0] div_result_dz;
      |                                   ^~~~~~~~~~~~~
%Warning-UNUSEDSIGNAL: /home/asic/workspace/lab3/rtl/tile_processor.sv:330:39: Bits of signal are not used: 'abs_pos'[15:0]
                                                                             : ... note: In instance 'raster.tile_proc'
  330 |     input coord_3d_t                  abs_pos,
      |                                       ^~~~~~~
%Warning-BLKSEQ: /home/asic/workspace/lab3/rtl/axi_fifo.sv:72:31: Blocking assignment '=' in sequential logic process
                                                                : ... Suggest using delayed assignment '<='
   72 |                 next_read_ptr = 0;
      |                               ^
- V e r i l a t i o n   R e p o r t: Verilator 5.034 2025-02-24 rev v5.034
- Verilator: Built from 0.968 MB sources in 447 modules, into 0.113 MB in 6 C++ files needing 0.000 MB
- Verilator: Walltime 0.147 s (elab=0.026, cvt=0.034, bld=0.000); cpu 0.138 s on 1 threads; alloced 18.461 MB
