158. Printing statistics.

=== raster ===

   Number of wires:              44798
   Number of wire bits:          48747
   Number of public wires:          71
   Number of public wire bits:    3100
   Number of ports:                 31
   Number of port bits:            323
   Number of memories:               0
   Number of memory bits:            0
   Number of processes:              0
   Number of cells:              47517
     $_ANDNOT_                   14107
     $_AND_                       2153
     $_DFFE_PP_                   1108
     $_DFF_P_                        9
     $_MUX_                       2929
     $_NAND_                       764
     $_NOR_                       4222
     $_NOT_                       1560
     $_ORNOT_                      996
     $_OR_                        5588
     $_SDFFCE_PN0P_                  1
     $_SDFFCE_PP0P_                  9
     $_SDFFCE_PP1P_                 31
     $_SDFFE_PN0N_                  34
     $_SDFFE_PN0P_                1251
     $_SDFFE_PN1N_                   1
     $_SDFFE_PN1P_                   1
     $_XNOR_                      4189
     $_XOR_                       8564

   Area for cell type $_NOT_ is unknown!
   Area for cell type $_AND_ is unknown!
   Area for cell type $_NAND_ is unknown!
   Area for cell type $_OR_ is unknown!
   Area for cell type $_NOR_ is unknown!
   Area for cell type $_XOR_ is unknown!
   Area for cell type $_XNOR_ is unknown!
   Area for cell type $_ANDNOT_ is unknown!
   Area for cell type $_ORNOT_ is unknown!
   Area for cell type $_MUX_ is unknown!
   Area for cell type $_DFF_P_ is unknown!
   Area for cell type $_DFFE_PP_ is unknown!
   Area for cell type $_SDFFE_PN0N_ is unknown!
   Area for cell type $_SDFFE_PN0P_ is unknown!
   Area for cell type $_SDFFE_PN1N_ is unknown!
   Area for cell type $_SDFFE_PN1P_ is unknown!
   Area for cell type $_SDFFCE_PN0P_ is unknown!
   Area for cell type $_SDFFCE_PP0P_ is unknown!
   Area for cell type $_SDFFCE_PP1P_ is unknown!

