Starting…
Running 'Verilator.Lint' at 'runs/RUN_2025-05-10_06-29-41/01-verilator-lint'…
Logging subprocess to [repr.filename]'runs/RUN_2025-05-10_06-29-41/01-verilator-lint/verilator-lint.log'[/repr.filename]…
Running 'Checker.LintTimingConstructs' at 'runs/RUN_2025-05-10_06-29-41/02-checker-linttimingconstructs'…
Check for Lint Timing Errors clear.
Running 'Checker.LintErrors' at 'runs/RUN_2025-05-10_06-29-41/03-checker-linterrors'…
Check for Lint errors clear.
Running 'Checker.LintWarnings' at 'runs/RUN_2025-05-10_06-29-41/04-checker-lintwarnings'…
39 Lint warnings found.
Running 'Yosys.JsonHeader' at 'runs/RUN_2025-05-10_06-29-41/05-yosys-jsonheader'…
Logging subprocess to [repr.filename]'runs/RUN_2025-05-10_06-29-41/05-yosys-jsonheader/yosys-jsonheader.log'[/repr.filename]…
Subprocess had a non-zero exit.
Last 10 line(s):
Storing AST representation for module `$abstract\pixel_processor'.
Successfully finished Verilog frontend.

4. Executing Verilog-2005 frontend: /home/asic/workspace/lab3/rtl/raster.sv
Parsing SystemVerilog input from `/home/asic/workspace/lab3/rtl/raster.sv' to AST representation.
Storing AST representation for module `$abstract\raster'.
Successfully finished Verilog frontend.

5. Executing Verilog-2005 frontend: /home/asic/workspace/lab3/rtl/tile_processor.sv
/home/asic/workspace/lab3/rtl/tile_processor.sv:216: ERROR: syntax error, unexpected TOK_ID

Full log file: 'runs/RUN_2025-05-10_06-29-41/05-yosys-jsonheader/yosys-jsonheader.log'
